16:48:24.350 DEBUG buffer.PooledByteBufAllocator --Dio.netty.allocator.numHeapArenas: 32
16:48:24.355 DEBUG buffer.PooledByteBufAllocator --Dio.netty.allocator.numDirectArenas: 32
16:48:24.355 DEBUG buffer.PooledByteBufAllocator --Dio.netty.allocator.pageSize: 8192
16:48:24.356 DEBUG buffer.PooledByteBufAllocator --Dio.netty.allocator.maxOrder: 9
16:48:24.356 DEBUG buffer.PooledByteBufAllocator --Dio.netty.allocator.chunkSize: 4194304
16:48:24.356 DEBUG buffer.PooledByteBufAllocator --Dio.netty.allocator.smallCacheSize: 256
16:48:24.356 DEBUG buffer.PooledByteBufAllocator --Dio.netty.allocator.normalCacheSize: 64
16:48:24.356 DEBUG buffer.PooledByteBufAllocator --Dio.netty.allocator.maxCachedBufferCapacity: 32768
16:48:24.356 DEBUG buffer.PooledByteBufAllocator --Dio.netty.allocator.cacheTrimInterval: 8192
16:48:24.356 DEBUG buffer.PooledByteBufAllocator --Dio.netty.allocator.cacheTrimIntervalMillis: 0
16:48:24.356 DEBUG buffer.PooledByteBufAllocator --Dio.netty.allocator.useCacheForAllThreads: false
16:48:24.357 DEBUG buffer.PooledByteBufAllocator --Dio.netty.allocator.maxCachedByteBuffersPerChunk: 1023
16:48:24.372 DEBUG buffer.ByteBufUtil --Dio.netty.allocator.type: pooled
16:48:24.372 DEBUG buffer.ByteBufUtil --Dio.netty.threadLocalDirectBufferSize: 0
16:48:24.372 DEBUG buffer.ByteBufUtil --Dio.netty.maxThreadLocalCharBufferSize: 16384
16:48:24.719 DEBUG channel.DefaultChannelId --Dio.netty.processId: 29200 (auto-detected)
16:48:24.721 DEBUG util.NetUtil --Djava.net.preferIPv4Stack: false
16:48:24.721 DEBUG util.NetUtil --Djava.net.preferIPv6Addresses: false
16:48:24.735 DEBUG util.NetUtilInitializations -Loopback interface: lo (Software Loopback Interface 1, 127.0.0.1)
16:48:24.736 DEBUG util.NetUtil -Failed to get SOMAXCONN from sysctl and file \proc\sys\net\core\somaxconn. Default: 200
16:48:24.769 DEBUG channel.DefaultChannelId --Dio.netty.machineId: f0:a6:54:ff:fe:2b:86:09 (auto-detected)
16:48:24.834 DEBUG buffer.AbstractByteBuf --Dio.netty.buffer.checkAccessible: true
16:48:24.835 DEBUG buffer.AbstractByteBuf --Dio.netty.buffer.checkBounds: true
16:48:24.835 DEBUG util.ResourceLeakDetectorFactory -Loaded default ResourceLeakDetector: io.netty.util.ResourceLeakDetector@7ea32
16:48:24.858 DEBUG util.Recycler --Dio.netty.recycler.maxCapacityPerThread: 4096
16:48:24.858 DEBUG util.Recycler --Dio.netty.recycler.ratio: 8
16:48:24.858 DEBUG util.Recycler --Dio.netty.recycler.chunkSize: 32
16:48:24.858 DEBUG util.Recycler --Dio.netty.recycler.blocking: false
16:48:28.297 DEBUG compression.Brotli -brotli4j not in the classpath; Brotli support will be unavailable.
16:48:28.405 DEBUG internal.ThreadLocalRandom --Dio.netty.initialSeedUniquifier: 0x2d1c8032af3c30fd
16:48:32.368 INFO  OrangeHRM.HRMTest -login successful
16:48:44.431 ERROR OrangeHRM.HRMTest -org.openqa.selenium.NoSuchElementException: no such element: Unable to locate element: {"method":"xpath","selector":"//div[@role='option']/span[text()='Enabled']"}
  (Session info: chrome=111.0.5563.112)
For documentation on this error, please visit: https://selenium.dev/exceptions/#no_such_element
Build info: version: '4.8.0', revision: '267030adea'
System info: os.name: 'Windows 11', os.arch: 'amd64', os.version: '10.0', java.version: '19.0.1'
Driver info: org.openqa.selenium.chrome.ChromeDriver
Command: [0852056851e82f8c7010bb82add845ef, findElement {using=xpath, value=//div[@role='option']/span[text()='Enabled']}]
Capabilities {acceptInsecureCerts: false, browserName: chrome, browserVersion: 111.0.5563.112, chrome: {chromedriverVersion: 111.0.5563.64 (c710e93d5b63..., userDataDir: C:\Users\dhivy\AppData\Loca...}, goog:chromeOptions: {debuggerAddress: localhost:61600}, networkConnectionEnabled: false, pageLoadStrategy: normal, platformName: WINDOWS, proxy: Proxy(), se:cdp: ws://localhost:61600/devtoo..., se:cdpVersion: 111.0.5563.112, setWindowRect: true, strictFileInteractability: false, timeouts: {implicit: 0, pageLoad: 300000, script: 30000}, unhandledPromptBehavior: dismiss and notify, webauthn:extension:credBlob: true, webauthn:extension:largeBlob: true, webauthn:extension:minPinLength: true, webauthn:extension:prf: true, webauthn:virtualAuthenticators: true}
Session ID: 0852056851e82f8c7010bb82add845ef
16:48:49.884 TRACE websocketx.WebSocket08FrameEncoder -Encoding WebSocket Frame opCode=8 length=26
